[2023-12-11 16:06:05,620][src.utils.utils][INFO] - Enforcing tags! <cfg.extras.enforce_tags=True>
[2023-12-11 16:06:05,639][src.utils.utils][INFO] - Printing config tree with Rich! <cfg.extras.print_config=True>
[2023-12-11 16:06:05,640][src.utils.rich_utils][WARNING] - Field 'callbacks' not found in config. Skipping 'callbacks' config printing...
[2023-12-11 16:06:05,642][src.utils.rich_utils][WARNING] - Field 'logger' not found in config. Skipping 'logger' config printing...
[2023-12-11 16:06:05,782][__main__][INFO] - Instantiating datamodule <src.datamodules.time_datamodule.TimeDataModule>
[2023-12-11 16:07:41,076][__main__][INFO] - Instantiating model <src.models.time_module.TSModule>
[2023-12-11 16:07:41,286][__main__][INFO] - Instantiating loggers...
[2023-12-11 16:07:41,287][src.utils.instantiators][WARNING] - No logger configs found! Skipping...
[2023-12-11 16:07:41,289][__main__][INFO] - Instantiating trainer <lightning.pytorch.trainer.Trainer>
[2023-12-11 16:07:42,004][__main__][INFO] - Starting testing!
[2023-12-11 16:43:29,454][src.utils.utils][INFO] - Enforcing tags! <cfg.extras.enforce_tags=True>
[2023-12-11 16:43:29,501][src.utils.utils][INFO] - Printing config tree with Rich! <cfg.extras.print_config=True>
[2023-12-11 16:43:29,502][src.utils.rich_utils][WARNING] - Field 'callbacks' not found in config. Skipping 'callbacks' config printing...
[2023-12-11 16:43:29,503][src.utils.rich_utils][WARNING] - Field 'logger' not found in config. Skipping 'logger' config printing...
[2023-12-11 16:43:29,614][__main__][INFO] - Instantiating datamodule <src.datamodules.time_datamodule.TimeDataModule>
[2023-12-11 16:44:57,382][__main__][INFO] - Instantiating model <src.models.time_module.TSModule>
[2023-12-11 16:44:57,635][__main__][INFO] - Instantiating loggers...
[2023-12-11 16:44:57,636][src.utils.instantiators][WARNING] - No logger configs found! Skipping...
[2023-12-11 16:44:57,637][__main__][INFO] - Instantiating trainer <lightning.pytorch.trainer.Trainer>
[2023-12-11 16:44:58,412][__main__][INFO] - Starting testing!
[2023-12-11 19:24:20,924][src.utils.utils][INFO] - Output dir: /home/tristanbale/wsl_coding/TimeSeries-Interpretability-Robustness/logs/PenDigits_interpret/runs/2023-12-11_16-43-29
